# JRE version: OpenJDK Runtime Environment (11.0.11+9) (build 11.0.11+9-Ubuntu-0ubuntu2.20.04)
# Java VM: OpenJDK 64-Bit Server VM (11.0.11+9-Ubuntu-0ubuntu2.20.04, mixed mode, sharing, tiered, compressed oops, g1 gc, linux-amd64)
Heap:
 garbage-first heap   total 325632K, used 186813K [0x0000000709800000, 0x0000000800000000)
  region size 1024K, 126 young (129024K), 3 survivors (3072K)
 Metaspace       used 34635K, capacity 35816K, committed 35920K, reserved 1081344K
  class space    used 3720K, capacity 4085K, committed 4096K, reserved 1048576K
GC Heap History (15 events):
Event: 0,423 GC heap before
{Heap before GC invocations=0 (full 0):
 garbage-first heap   total 256000K, used 24264K [0x0000000709800000, 0x0000000800000000)
  region size 1024K, 24 young (24576K), 0 survivors (0K)
 Metaspace       used 5196K, capacity 7741K, committed 7936K, reserved 1056768K
  class space    used 639K, capacity 924K, committed 1024K, reserved 1048576K
}
Event: 0,430 GC heap after
{Heap after GC invocations=1 (full 0):
 garbage-first heap   total 256000K, used 3722K [0x0000000709800000, 0x0000000800000000)
  region size 1024K, 3 young (3072K), 3 survivors (3072K)
 Metaspace       used 5196K, capacity 7741K, committed 7936K, reserved 1056768K
  class space    used 639K, capacity 924K, committed 1024K, reserved 1048576K
}
Event: 1,966 GC heap before
{Heap before GC invocations=1 (full 0):
 garbage-first heap   total 256000K, used 152202K [0x0000000709800000, 0x0000000800000000)
  region size 1024K, 148 young (151552K), 3 survivors (3072K)
 Metaspace       used 15360K, capacity 16750K, committed 17152K, reserved 1064960K
  class space    used 1723K, capacity 1953K, committed 2048K, reserved 1048576K
}
Event: 1,988 GC heap after
{Heap after GC invocations=2 (full 0):
 garbage-first heap   total 256000K, used 15419K [0x0000000709800000, 0x0000000800000000)
  region size 1024K, 15 young (15360K), 15 survivors (15360K)
 Metaspace       used 15360K, capacity 16750K, committed 17152K, reserved 1064960K
  class space    used 1723K, capacity 1953K, committed 2048K, reserved 1048576K
}
Event: 2,938 GC heap before
{Heap before GC invocations=2 (full 0):
 garbage-first heap   total 256000K, used 151611K [0x0000000709800000, 0x0000000800000000)
  region size 1024K, 148 young (151552K), 15 survivors (15360K)
 Metaspace       used 19839K, capacity 21032K, committed 21296K, reserved 1069056K
  class space    used 2164K, capacity 2400K, committed 2432K, reserved 1048576K
}
Event: 2,958 GC heap after
{Heap after GC invocations=3 (full 0):
 garbage-first heap   total 256000K, used 24931K [0x0000000709800000, 0x0000000800000000)
  region size 1024K, 11 young (11264K), 11 survivors (11264K)
 Metaspace       used 19839K, capacity 21032K, committed 21296K, reserved 1069056K
  class space    used 2164K, capacity 2400K, committed 2432K, reserved 1048576K
}
Event: 2,961 GC heap before
{Heap before GC invocations=3 (full 0):
 garbage-first heap   total 256000K, used 24931K [0x0000000709800000, 0x0000000800000000)
  region size 1024K, 12 young (12288K), 11 survivors (11264K)
 Metaspace       used 19909K, capacity 21032K, committed 21296K, reserved 1069056K
  class space    used 2168K, capacity 2400K, committed 2432K, reserved 1048576K
}
Event: 2,966 GC heap after
{Heap after GC invocations=4 (full 0):
 garbage-first heap   total 256000K, used 24509K [0x0000000709800000, 0x0000000800000000)
  region size 1024K, 10 young (10240K), 10 survivors (10240K)
 Metaspace       used 19909K, capacity 21032K, committed 21296K, reserved 1069056K
  class space    used 2168K, capacity 2400K, committed 2432K, reserved 1048576K
}
Event: 4,114 GC heap before
{Heap before GC invocations=5 (full 0):
 garbage-first heap   total 256000K, used 166845K [0x0000000709800000, 0x0000000800000000)
  region size 1024K, 148 young (151552K), 10 survivors (10240K)
 Metaspace       used 28729K, capacity 29624K, committed 29744K, reserved 1075200K
  class space    used 3194K, capacity 3448K, committed 3456K, reserved 1048576K
}
Event: 4,132 GC heap after
{Heap after GC invocations=6 (full 0):
 garbage-first heap   total 256000K, used 45768K [0x0000000709800000, 0x0000000800000000)
  region size 1024K, 19 young (19456K), 19 survivors (19456K)
 Metaspace       used 28729K, capacity 29624K, committed 29744K, reserved 1075200K
  class space    used 3194K, capacity 3448K, committed 3456K, reserved 1048576K
}
Event: 4,234 GC heap before
{Heap before GC invocations=6 (full 0):
 garbage-first heap   total 256000K, used 83656K [0x0000000709800000, 0x0000000800000000)
  region size 1024K, 56 young (57344K), 19 survivors (19456K)
 Metaspace       used 29004K, capacity 29868K, committed 30128K, reserved 1075200K
  class space    used 3216K, capacity 3460K, committed 3584K, reserved 1048576K
}
Event: 4,251 GC heap after
{Heap after GC invocations=7 (full 0):
 garbage-first heap   total 325632K, used 48068K [0x0000000709800000, 0x0000000800000000)
  region size 1024K, 2 young (2048K), 2 survivors (2048K)
 Metaspace       used 29004K, capacity 29868K, committed 30128K, reserved 1075200K
  class space    used 3216K, capacity 3460K, committed 3584K, reserved 1048576K
}
Event: 5,083 GC heap before
{Heap before GC invocations=7 (full 0):
 garbage-first heap   total 325632K, used 176068K [0x0000000709800000, 0x0000000800000000)
  region size 1024K, 125 young (128000K), 2 survivors (2048K)
 Metaspace       used 31251K, capacity 32205K, committed 32432K, reserved 1077248K
  class space    used 3398K, capacity 3718K, committed 3840K, reserved 1048576K
}
Event: 5,096 GC heap after
{Heap after GC invocations=8 (full 0):
 garbage-first heap   total 325632K, used 61371K [0x0000000709800000, 0x0000000800000000)
  region size 1024K, 14 young (14336K), 14 survivors (14336K)
 Metaspace       used 31251K, capacity 32205K, committed 32432K, reserved 1077248K
  class space    used 3398K, capacity 3718K, committed 3840K, reserved 1048576K
}
Event: 5,834 GC heap before
{Heap before GC invocations=8 (full 0):
 garbage-first heap   total 325632K, used 185275K [0x0000000709800000, 0x0000000800000000)
  region size 1024K, 137 young (140288K), 14 survivors (14336K)
 Metaspace       used 34635K, capacity 35816K, committed 35920K, reserved 1081344K
  class space    used 3720K, capacity 4085K, committed 4096K, reserved 1048576K
}

