<?xml version="1.0" encoding="UTF-8"?>
<testsuite xmlns:xsi="http://www.w3.org/2001/XMLSchema-instance" xsi:noNamespaceSchemaLocation="https://maven.apache.org/surefire/maven-surefire-plugin/xsd/surefire-test-report.xsd" name="br.com.veloe.mecanicafinanceira.concilialancamento.core.service.impl.MFCyberClientServiceImplTest" time="0.881" tests="2" errors="1" skipped="0" failures="1">
  <properties>
[...]
</properties>
  <testcase name="quandoBuscarComSucesso_deveRetornarLancamentoLogMov" classname="br.com.veloe.mecanicafinanceira.concilialancamento.core.service.impl.MFCyberClientServiceImplTest" time="0.718">
    <error message="&#10;Strict stubbing argument mismatch. Please check:&#10; - this invocation of &apos;getForEntity&apos; method:&#10;    restTemplate.getForEntity(&#10;    &quot;null/api/v1/lancamento-aprovisionado?idCyber={idCyber}&amp;idConta={idConta}&amp;idTransacao={idTransacao}&quot;,&#10;    class br.com.veloe.mecanicafinanceira.concilialancamento.core.domain.Lancamento,&#10;    &quot;2&quot;,&#10;    &quot;123456&quot;,&#10;    &quot;5bf6b93a-7648-4545-9689-1ba32fc04bfd&quot;&#10;);&#10;    -&gt; at br.com.veloe.mecanicafinanceira.concilialancamento.core.service.impl.MFCyberClientServiceImpl.buscarLancamentoLogMov(MFCyberClientServiceImpl.java:36)&#10; - has following stubbing(s) with different arguments:&#10;    1. restTemplate.getForEntity(&#10;    &quot;null/api/v1/logmov?idCyber={idCyber}&amp;idConta={idConta}&amp;idTransacao={idTransacao}&quot;,&#10;    class br.com.veloe.mecanicafinanceira.concilialancamento.core.domain.Lancamento,&#10;    &quot;2&quot;,&#10;    &quot;123456&quot;,&#10;    &quot;5bf6b93a-7648-4545-9689-1ba32fc04bfd&quot;&#10;);&#10;      -&gt; at br.com.veloe.mecanicafinanceira.concilialancamento.core.service.impl.MFCyberClientServiceImplTest.quandoBuscarComSucesso_deveRetornarLancamentoLogMov(MFCyberClientServiceImplTest.java:58)&#10;Typically, stubbing argument mismatch indicates user mistake when writing tests.&#10;Mockito fails early so that you can debug potential problem easily.&#10;However, there are legit scenarios when this exception generates false negative signal:&#10;  - stubbing the same method multiple times using &apos;given().will()&apos; or &apos;when().then()&apos; API&#10;    Please use &apos;will().given()&apos; or &apos;doReturn().when()&apos; API for stubbing.&#10;  - stubbed method is intentionally invoked with different arguments by code under test&#10;    Please use default or &apos;silent&apos; JUnit Rule (equivalent of Strictness.LENIENT).&#10;For more information see javadoc for PotentialStubbingProblem class." type="org.mockito.exceptions.misusing.PotentialStubbingProblem"><![CDATA[org.mockito.exceptions.misusing.PotentialStubbingProblem: 

Strict stubbing argument mismatch. Please check:
 - this invocation of 'getForEntity' method:
    restTemplate.getForEntity(
    "null/api/v1/lancamento-aprovisionado?idCyber={idCyber}&idConta={idConta}&idTransacao={idTransacao}",
    class br.com.veloe.mecanicafinanceira.concilialancamento.core.domain.Lancamento,
    "2",
    "123456",
    "5bf6b93a-7648-4545-9689-1ba32fc04bfd"
);
    -> at br.com.veloe.mecanicafinanceira.concilialancamento.core.service.impl.MFCyberClientServiceImpl.buscarLancamentoLogMov(MFCyberClientServiceImpl.java:36)
 - has following stubbing(s) with different arguments:
    1. restTemplate.getForEntity(
    "null/api/v1/logmov?idCyber={idCyber}&idConta={idConta}&idTransacao={idTransacao}",
    class br.com.veloe.mecanicafinanceira.concilialancamento.core.domain.Lancamento,
    "2",
    "123456",
    "5bf6b93a-7648-4545-9689-1ba32fc04bfd"
);
      -> at br.com.veloe.mecanicafinanceira.concilialancamento.core.service.impl.MFCyberClientServiceImplTest.quandoBuscarComSucesso_deveRetornarLancamentoLogMov(MFCyberClientServiceImplTest.java:58)
Typically, stubbing argument mismatch indicates user mistake when writing tests.
Mockito fails early so that you can debug potential problem easily.
However, there are legit scenarios when this exception generates false negative signal:
  - stubbing the same method multiple times using 'given().will()' or 'when().then()' API
    Please use 'will().given()' or 'doReturn().when()' API for stubbing.
  - stubbed method is intentionally invoked with different arguments by code under test
    Please use default or 'silent' JUnit Rule (equivalent of Strictness.LENIENT).
For more information see javadoc for PotentialStubbingProblem class.
	at br.com.veloe.mecanicafinanceira.concilialancamento.core.service.impl.MFCyberClientServiceImplTest.quandoBuscarComSucesso_deveRetornarLancamentoLogMov(MFCyberClientServiceImplTest.java:64)
]]></error>
    <system-out><![CDATA[10:45:20.985 [main] INFO br.com.veloe.mecanicafinanceira.concilialancamento.core.service.impl.MFCyberClientServiceImpl - Buscando por lançamento
]]></system-out>
  </testcase>
  <testcase name="quandoNaoEncontrar_deveLancarLancamentoNaoEncontradoException" classname="br.com.veloe.mecanicafinanceira.concilialancamento.core.service.impl.MFCyberClientServiceImplTest" time="0.162">
    <failure message="&#10;Expecting actual throwable to be an instance of:&#10;  br.com.veloe.mecanicafinanceira.concilialancamento.core.exception.LancamentoNaoEncontradoException&#10;but was:&#10;  org.mockito.exceptions.misusing.PotentialStubbingProblem: &#10;Strict stubbing argument mismatch. Please check:&#10; - this invocation of &apos;getForEntity&apos; method:&#10;    restTemplate.getForEntity(&#10;    &quot;null/api/v1/lancamento-aprovisionado?idCyber={idCyber}&amp;idConta={idConta}&amp;idTransacao={idTransacao}&quot;,&#10;    class br.com.veloe.mecanicafinanceira.concilialancamento.core.domain.Lancamento,&#10;    &quot;2&quot;,&#10;    &quot;123456&quot;,&#10;    &quot;5bf6b93a-7648-4545-9689-1ba32fc04bfd&quot;&#10;);&#10;    -&gt; at br.com.veloe.mecanicafinanceira.concilialancamento.core.service.impl.MFCyberClientServiceImpl.buscarLancamentoLogMov(MFCyberClientServiceImpl.java:36)&#10; - has following stubbing(s) with different arguments:&#10;    1. restTemplate.getForEntity(&#10;    &quot;null/api/v1/logmov?idCyber={idCyber}&amp;idConta={idConta}&amp;idTransacao={idTransacao}&quot;,&#10;    class br.com.veloe.mecanicafinanceira.concilialancamento.core.domain.Lancamento,&#10;    &quot;2&quot;,&#10;    &quot;123456&quot;,&#10;    &quot;5bf6b93a-7648-4545-9689-1ba32fc04bfd&quot;&#10;);&#10;      -&gt; at br.com.veloe.mecanicafinanceira.concilialancamento.core.service.impl.MFCyberClientServiceImplTest.quandoNaoEncontrar_deveLancarLancamentoNaoEncontradoException(MFCyberClientServiceImplTest.java:79)&#10;Typically, stubbing argument mismatch indicates user mistake when writing tests.&#10;Mockito fails early so that you can debug potential problem easily.&#10;However, there are legit scenarios when this exception generates false negative signal:&#10;  - stubbing the same method multiple times using &apos;given().will()&apos; or &apos;when().then()&apos; API&#10;    Please use &apos;will().given()&apos; or &apos;doReturn().when()&apos; API for stubbing.&#10;  - stubbed method is intentionally invoked with different arguments by code under test&#10;    Please use default or &apos;silent&apos; JUnit Rule (equivalent of Strictness.LENIENT).&#10;For more information see javadoc for PotentialStubbingProblem class.&#10;	at br.com.veloe.mecanicafinanceira.concilialancamento.core.service.impl.MFCyberClientServiceImpl.buscarLancamentoLogMov(MFCyberClientServiceImpl.java:36)&#10;	at br.com.veloe.mecanicafinanceira.concilialancamento.core.service.impl.MFCyberClientServiceImplTest.lambda$quandoNaoEncontrar_deveLancarLancamentoNaoEncontradoException$0(MFCyberClientServiceImplTest.java:83)&#10;	at org.assertj.core.api.ThrowableAssert.catchThrowable(ThrowableAssert.java:62)&#10;	...(69 remaining lines not displayed - this can be changed with Assertions.setMaxStackTraceElementsDisplayed)" type="java.lang.AssertionError"><![CDATA[java.lang.AssertionError: 

Expecting actual throwable to be an instance of:
  br.com.veloe.mecanicafinanceira.concilialancamento.core.exception.LancamentoNaoEncontradoException
but was:
  org.mockito.exceptions.misusing.PotentialStubbingProblem: 
Strict stubbing argument mismatch. Please check:
 - this invocation of 'getForEntity' method:
    restTemplate.getForEntity(
    "null/api/v1/lancamento-aprovisionado?idCyber={idCyber}&idConta={idConta}&idTransacao={idTransacao}",
    class br.com.veloe.mecanicafinanceira.concilialancamento.core.domain.Lancamento,
    "2",
    "123456",
    "5bf6b93a-7648-4545-9689-1ba32fc04bfd"
);
    -> at br.com.veloe.mecanicafinanceira.concilialancamento.core.service.impl.MFCyberClientServiceImpl.buscarLancamentoLogMov(MFCyberClientServiceImpl.java:36)
 - has following stubbing(s) with different arguments:
    1. restTemplate.getForEntity(
    "null/api/v1/logmov?idCyber={idCyber}&idConta={idConta}&idTransacao={idTransacao}",
    class br.com.veloe.mecanicafinanceira.concilialancamento.core.domain.Lancamento,
    "2",
    "123456",
    "5bf6b93a-7648-4545-9689-1ba32fc04bfd"
);
      -> at br.com.veloe.mecanicafinanceira.concilialancamento.core.service.impl.MFCyberClientServiceImplTest.quandoNaoEncontrar_deveLancarLancamentoNaoEncontradoException(MFCyberClientServiceImplTest.java:79)
Typically, stubbing argument mismatch indicates user mistake when writing tests.
Mockito fails early so that you can debug potential problem easily.
However, there are legit scenarios when this exception generates false negative signal:
  - stubbing the same method multiple times using 'given().will()' or 'when().then()' API
    Please use 'will().given()' or 'doReturn().when()' API for stubbing.
  - stubbed method is intentionally invoked with different arguments by code under test
    Please use default or 'silent' JUnit Rule (equivalent of Strictness.LENIENT).
For more information see javadoc for PotentialStubbingProblem class.
	at br.com.veloe.mecanicafinanceira.concilialancamento.core.service.impl.MFCyberClientServiceImpl.buscarLancamentoLogMov(MFCyberClientServiceImpl.java:36)
	at br.com.veloe.mecanicafinanceira.concilialancamento.core.service.impl.MFCyberClientServiceImplTest.lambda$quandoNaoEncontrar_deveLancarLancamentoNaoEncontradoException$0(MFCyberClientServiceImplTest.java:83)
	at org.assertj.core.api.ThrowableAssert.catchThrowable(ThrowableAssert.java:62)
	...(69 remaining lines not displayed - this can be changed with Assertions.setMaxStackTraceElementsDisplayed)
	at br.com.veloe.mecanicafinanceira.concilialancamento.core.service.impl.MFCyberClientServiceImplTest.quandoNaoEncontrar_deveLancarLancamentoNaoEncontradoException(MFCyberClientServiceImplTest.java:83)
]]></failure>
    <system-out><![CDATA[10:45:21.158 [main] INFO br.com.veloe.mecanicafinanceira.concilialancamento.core.service.impl.MFCyberClientServiceImpl - Buscando por lançamento
]]></system-out>
  </testcase>
</testsuite>